#
# There is insufficient memory for the Java Runtime Environment to continue.
# Native memory allocation (malloc) failed to allocate 32744 bytes for ChunkPool::allocate
# Possible reasons:
#   The system is out of physical RAM or swap space
#   The process is running with CompressedOops enabled, and the Java Heap may be blocking the growth of the native heap
# Possible solutions:
#   Reduce memory load on the system
#   Increase physical memory or swap space
#   Check if swap backing store is full
#   Decrease Java heap size (-Xmx/-Xms)
#   Decrease number of Java threads
#   Decrease Java thread stack sizes (-Xss)
#   Set larger code cache with -XX:ReservedCodeCacheSize=
#   JVM is running with Unscaled Compressed Oops mode in which the Java heap is
#     placed in the first 4GB address space. The Java Heap base address is the
#     maximum limit for the native heap growth. Please use -XX:HeapBaseMinAddress
#     to set the Java Heap base and to place the Java Heap above 4GB virtual address.
# This output file may be truncated or incomplete.
#
#  Out of Memory Error (./open/src/hotspot/share/memory/arena.cpp:79), pid=6004, tid=6108
#
# JRE version: OpenJDK Runtime Environment (15.0.2+7) (build 15.0.2+7-27)
# Java VM: OpenJDK 64-Bit Server VM (15.0.2+7-27, mixed mode, tiered, compressed oops, g1 gc, windows-amd64)
# No core dump will be written. Minidumps are not enabled by default on client versions of Windows
#

---------------  S U M M A R Y ------------

Command Line: -Dfile.encoding=Cp1252 -XX:+ShowCodeDetailsInExceptionMessages Prolog.AI_Driver

Host: Intel(R) Core(TM) i5-4260U CPU @ 1.40GHz, 4 cores, 3G,  Windows 10 , 64 bit Build 10586 (10.0.10586.0)
Time: Wed Apr  7 09:54:47 2021 SA Pacific Standard Time elapsed time: 2.448107 seconds (0d 0h 0m 2s)

---------------  T H R E A D  ---------------

Current thread (0x000002462ca312a0):  JavaThread "AWT-EventQueue-0" [_thread_in_vm, id=6108, stack(0x000000e8de800000,0x000000e8de900000)]

Stack: [0x000000e8de800000,0x000000e8de900000]
Native frames: (J=compiled Java code, j=interpreted, Vv=VM code, C=native code)
V  [jvm.dll+0x62ae9a]
V  [jvm.dll+0x7817a9]
V  [jvm.dll+0x782f03]
V  [jvm.dll+0x783563]
V  [jvm.dll+0x216325]
V  [jvm.dll+0x982cf]
V  [jvm.dll+0x9861c]
V  [jvm.dll+0x1bf09b]
V  [jvm.dll+0x1bfbb9]
V  [jvm.dll+0x1b2e51]
V  [jvm.dll+0x504b08]
V  [jvm.dll+0x707581]
V  [jvm.dll+0x3d9b1b]
V  [jvm.dll+0x3dfb94]
C  [java.dll+0x178c]

Java frames: (J=compiled Java code, j=interpreted, Vv=VM code)
j  java.lang.ClassLoader.defineClass1(Ljava/lang/ClassLoader;Ljava/lang/String;[BIILjava/security/ProtectionDomain;Ljava/lang/String;)Ljava/lang/Class;+0 java.base@15.0.2
j  java.lang.System$2.defineClass(Ljava/lang/ClassLoader;Ljava/lang/String;[BLjava/security/ProtectionDomain;Ljava/lang/String;)Ljava/lang/Class;+10 java.base@15.0.2
j  jdk.internal.reflect.ClassDefiner.defineClass(Ljava/lang/String;[BIILjava/lang/ClassLoader;)Ljava/lang/Class;+27 java.base@15.0.2
j  jdk.internal.reflect.MethodAccessorGenerator$1.run()Ljdk/internal/reflect/MagicAccessorImpl;+21 java.base@15.0.2
j  jdk.internal.reflect.MethodAccessorGenerator$1.run()Ljava/lang/Object;+1 java.base@15.0.2
J 697 c1 java.security.AccessController.doPrivileged(Ljava/security/PrivilegedAction;)Ljava/lang/Object; java.base@15.0.2 (9 bytes) @ 0x00000246187ce53c [0x00000246187ce3e0+0x000000000000015c]
j  jdk.internal.reflect.MethodAccessorGenerator.generate(Ljava/lang/Class;Ljava/lang/String;[Ljava/lang/Class;Ljava/lang/Class;[Ljava/lang/Class;IZZLjava/lang/Class;)Ljdk/internal/reflect/MagicAccessorImpl;+755 java.base@15.0.2
j  jdk.internal.reflect.MethodAccessorGenerator.generateMethod(Ljava/lang/Class;Ljava/lang/String;[Ljava/lang/Class;Ljava/lang/Class;[Ljava/lang/Class;I)Ljdk/internal/reflect/MethodAccessor;+13 java.base@15.0.2
j  jdk.internal.reflect.NativeMethodAccessorImpl.invoke(Ljava/lang/Object;[Ljava/lang/Object;)Ljava/lang/Object;+92 java.base@15.0.2
j  jdk.internal.reflect.DelegatingMethodAccessorImpl.invoke(Ljava/lang/Object;[Ljava/lang/Object;)Ljava/lang/Object;+6 java.base@15.0.2
j  java.lang.reflect.Method.invoke(Ljava/lang/Object;[Ljava/lang/Object;)Ljava/lang/Object;+59 java.base@15.0.2
j  javax.swing.UIDefaults.getUI(Ljavax/swing/JComponent;)Ljavax/swing/plaf/ComponentUI;+125 java.desktop@15.0.2
j  javax.swing.UIManager.getUI(Ljavax/swing/JComponent;)Ljavax/swing/plaf/ComponentUI;+37 java.desktop@15.0.2
j  javax.swing.JButton.updateUI()V+2 java.desktop@15.0.2
j  javax.swing.AbstractButton.init(Ljava/lang/String;Ljavax/swing/Icon;)V+19 java.desktop@15.0.2
j  javax.swing.JButton.<init>(Ljava/lang/String;Ljavax/swing/Icon;)V+18 java.desktop@15.0.2
j  javax.swing.JButton.<init>(Ljava/lang/String;)V+3 java.desktop@15.0.2
j  javax.swing.plaf.metal.MetalComboBoxButton.<init>()V+3 java.desktop@15.0.2
j  javax.swing.plaf.metal.MetalComboBoxButton.<init>(Ljavax/swing/JComboBox;Ljavax/swing/Icon;Ljavax/swing/CellRendererPane;Ljavax/swing/JList;)V+1 java.desktop@15.0.2
j  javax.swing.plaf.metal.MetalComboBoxButton.<init>(Ljavax/swing/JComboBox;Ljavax/swing/Icon;ZLjavax/swing/CellRendererPane;Ljavax/swing/JList;)V+7 java.desktop@15.0.2
j  javax.swing.plaf.metal.MetalComboBoxUI.createArrowButton()Ljavax/swing/JButton;+46 java.desktop@15.0.2
j  javax.swing.plaf.basic.BasicComboBoxUI.installComponents()V+2 java.desktop@15.0.2
j  javax.swing.plaf.basic.BasicComboBoxUI.installUI(Ljavax/swing/JComponent;)V+146 java.desktop@15.0.2
j  javax.swing.JComponent.setUI(Ljavax/swing/plaf/ComponentUI;)V+52 java.desktop@15.0.2
j  javax.swing.JComboBox.setUI(Ljavax/swing/plaf/ComboBoxUI;)V+2 java.desktop@15.0.2
j  javax.swing.JComboBox.updateUI()V+20 java.desktop@15.0.2
j  javax.swing.JComboBox.init()V+15 java.desktop@15.0.2
j  javax.swing.JComboBox.<init>([Ljava/lang/Object;)V+61 java.desktop@15.0.2
j  Prolog.Diagnose.<init>(Ljava/lang/String;)V+940
j  Prolog.Main.actionPerformed(Ljava/awt/event/ActionEvent;)V+104
j  javax.swing.AbstractButton.fireActionPerformed(Ljava/awt/event/ActionEvent;)V+84 java.desktop@15.0.2
j  javax.swing.AbstractButton$Handler.actionPerformed(Ljava/awt/event/ActionEvent;)V+5 java.desktop@15.0.2
j  javax.swing.DefaultButtonModel.fireActionPerformed(Ljava/awt/event/ActionEvent;)V+34 java.desktop@15.0.2
j  javax.swing.DefaultButtonModel.setPressed(Z)V+117 java.desktop@15.0.2
j  javax.swing.plaf.basic.BasicButtonListener.mouseReleased(Ljava/awt/event/MouseEvent;)V+35 java.desktop@15.0.2
j  java.awt.Component.processMouseEvent(Ljava/awt/event/MouseEvent;)V+64 java.desktop@15.0.2
j  javax.swing.JComponent.processMouseEvent(Ljava/awt/event/MouseEvent;)V+23 java.desktop@15.0.2
j  java.awt.Component.processEvent(Ljava/awt/AWTEvent;)V+81 java.desktop@15.0.2
j  java.awt.Container.processEvent(Ljava/awt/AWTEvent;)V+18 java.desktop@15.0.2
j  java.awt.Component.dispatchEventImpl(Ljava/awt/AWTEvent;)V+496 java.desktop@15.0.2
j  java.awt.Container.dispatchEventImpl(Ljava/awt/AWTEvent;)V+42 java.desktop@15.0.2
j  java.awt.Component.dispatchEvent(Ljava/awt/AWTEvent;)V+2 java.desktop@15.0.2
j  java.awt.LightweightDispatcher.retargetMouseEvent(Ljava/awt/Component;ILjava/awt/event/MouseEvent;)V+349 java.desktop@15.0.2
j  java.awt.LightweightDispatcher.processMouseEvent(Ljava/awt/event/MouseEvent;)Z+155 java.desktop@15.0.2
j  java.awt.LightweightDispatcher.dispatchEvent(Ljava/awt/AWTEvent;)Z+50 java.desktop@15.0.2
j  java.awt.Container.dispatchEventImpl(Ljava/awt/AWTEvent;)V+12 java.desktop@15.0.2
j  java.awt.Window.dispatchEventImpl(Ljava/awt/AWTEvent;)V+19 java.desktop@15.0.2
j  java.awt.Component.dispatchEvent(Ljava/awt/AWTEvent;)V+2 java.desktop@15.0.2
j  java.awt.EventQueue.dispatchEventImpl(Ljava/awt/AWTEvent;Ljava/lang/Object;)V+41 java.desktop@15.0.2
j  java.awt.EventQueue$4.run()Ljava/lang/Void;+32 java.desktop@15.0.2
j  java.awt.EventQueue$4.run()Ljava/lang/Object;+1 java.desktop@15.0.2
J 572 c1 java.security.AccessController.doPrivileged(Ljava/security/PrivilegedAction;Ljava/security/AccessControlContext;)Ljava/lang/Object; java.base@15.0.2 (17 bytes) @ 0x00000246187a0b54 [0x00000246187a0980+0x00000000000001d4]
j  java.security.ProtectionDomain$JavaSecurityAccessImpl.doIntersectionPrivilege(Ljava/security/PrivilegedAction;Ljava/security/AccessControlContext;Ljava/security/AccessControlContext;)Ljava/lang/Object;+18 java.base@15.0.2
j  java.security.ProtectionDomain$JavaSecurityAccessImpl.doIntersectionPrivilege(Ljava/security/PrivilegedAction;Ljava/security/AccessControlContext;)Ljava/lang/Object;+6 java.base@15.0.2
j  java.awt.EventQueue$5.run()Ljava/lang/Void;+11 java.desktop@15.0.2
j  java.awt.EventQueue$5.run()Ljava/lang/Object;+1 java.desktop@15.0.2
J 572 c1 java.security.AccessController.doPrivileged(Ljava/security/PrivilegedAction;Ljava/security/AccessControlContext;)Ljava/lang/Object; java.base@15.0.2 (17 bytes) @ 0x00000246187a0b54 [0x00000246187a0980+0x00000000000001d4]
j  java.security.ProtectionDomain$JavaSecurityAccessImpl.doIntersectionPrivilege(Ljava/security/PrivilegedAction;Ljava/security/AccessControlContext;Ljava/security/AccessControlContext;)Ljava/lang/Object;+18 java.base@15.0.2
j  java.awt.EventQueue.dispatchEvent(Ljava/awt/AWTEvent;)V+73 java.desktop@15.0.2
j  java.awt.EventDispatchThread.pumpOneEventForFilters(I)V+78 java.desktop@15.0.2
j  java.awt.EventDispatchThread.pumpEventsForFilter(ILjava/awt/Conditional;Ljava/awt/EventFilter;)V+35 java.desktop@15.0.2
j  java.awt.EventDispatchThread.pumpEventsForHierarchy(ILjava/awt/Conditional;Ljava/awt/Component;)V+11 java.desktop@15.0.2
j  java.awt.EventDispatchThread.pumpEvents(ILjava/awt/Conditional;)V+4 java.desktop@15.0.2
j  java.awt.EventDispatchThread.pumpEvents(Ljava/awt/Conditional;)V+3 java.desktop@15.0.2
j  java.awt.EventDispatchThread.run()V+9 java.desktop@15.0.2
v  ~StubRoutines::call_stub

---------------  P R O C E S S  ---------------

Threads class SMR info:
_java_thread_list=0x000002462caa3010, length=16, elements={
0x000002462bbda020, 0x000002462bbdcdd0, 0x000002462bbfa0b0, 0x000002462bbfae90,
0x000002462bbfdd50, 0x000002462bc0a030, 0x000002462c5554c0, 0x000002462c572df0,
0x000002462c679390, 0x000002462c688c90, 0x000002462c8ee140, 0x000002462c8eea10,
0x000002462ca23010, 0x000002462ca312a0, 0x000002461471b480, 0x000002462caee3a0
}

Java Threads: ( => current thread )
  0x000002462bbda020 JavaThread "Reference Handler" daemon [_thread_blocked, id=5392, stack(0x000000e8dda00000,0x000000e8ddb00000)]
  0x000002462bbdcdd0 JavaThread "Finalizer" daemon [_thread_blocked, id=5348, stack(0x000000e8ddb00000,0x000000e8ddc00000)]
  0x000002462bbfa0b0 JavaThread "Signal Dispatcher" daemon [_thread_blocked, id=5380, stack(0x000000e8ddc00000,0x000000e8ddd00000)]
  0x000002462bbfae90 JavaThread "Attach Listener" daemon [_thread_blocked, id=8372, stack(0x000000e8ddd00000,0x000000e8dde00000)]
  0x000002462bbfdd50 JavaThread "Service Thread" daemon [_thread_blocked, id=7076, stack(0x000000e8dde00000,0x000000e8ddf00000)]
  0x000002462bc0a030 JavaThread "C2 CompilerThread0" daemon [_thread_blocked, id=4004, stack(0x000000e8ddf00000,0x000000e8de000000)]
  0x000002462c5554c0 JavaThread "C1 CompilerThread0" daemon [_thread_blocked, id=3840, stack(0x000000e8de000000,0x000000e8de100000)]
  0x000002462c572df0 JavaThread "Sweeper thread" daemon [_thread_blocked, id=5020, stack(0x000000e8de100000,0x000000e8de200000)]
  0x000002462c679390 JavaThread "Notification Thread" daemon [_thread_blocked, id=5076, stack(0x000000e8de200000,0x000000e8de300000)]
  0x000002462c688c90 JavaThread "Common-Cleaner" daemon [_thread_blocked, id=4456, stack(0x000000e8de400000,0x000000e8de500000)]
  0x000002462c8ee140 JavaThread "Java2D Disposer" daemon [_thread_blocked, id=940, stack(0x000000e8de500000,0x000000e8de600000)]
  0x000002462c8eea10 JavaThread "AWT-Shutdown" [_thread_blocked, id=1036, stack(0x000000e8de600000,0x000000e8de700000)]
  0x000002462ca23010 JavaThread "AWT-Windows" daemon [_thread_in_native, id=7320, stack(0x000000e8de700000,0x000000e8de800000)]
=>0x000002462ca312a0 JavaThread "AWT-EventQueue-0" [_thread_in_vm, id=6108, stack(0x000000e8de800000,0x000000e8de900000)]
  0x000002461471b480 JavaThread "DestroyJavaVM" [_thread_blocked, id=8108, stack(0x000000e8dd300000,0x000000e8dd400000)]
  0x000002462caee3a0 JavaThread "Image Fetcher 0" daemon [_thread_blocked, id=4616, stack(0x000000e8de900000,0x000000e8dea00000)]

Other Threads:
  0x000002462bbb4850 VMThread "VM Thread" [stack: 0x000000e8dd900000,0x000000e8dda00000] [id=5064]
  0x000002462c679c80 WatcherThread [stack: 0x000000e8de300000,0x000000e8de400000] [id=4472]
  0x0000024614744d10 GCTaskThread "GC Thread#0" [stack: 0x000000e8dd400000,0x000000e8dd500000] [id=8020]
  0x000002461476ca50 ConcurrentGCThread "G1 Main Marker" [stack: 0x000000e8dd500000,0x000000e8dd600000] [id=7588]
  0x000002461476d6c0 ConcurrentGCThread "G1 Conc#0" [stack: 0x000000e8dd600000,0x000000e8dd700000] [id=2396]
  0x00000246147c2310 ConcurrentGCThread "G1 Refine#0" [stack: 0x000000e8dd700000,0x000000e8dd800000] [id=3056]
  0x00000246147c3ce0 ConcurrentGCThread "G1 Young RemSet Sampling" [stack: 0x000000e8dd800000,0x000000e8dd900000] [id=2640]

Threads with active compile tasks:

VM state: not at safepoint (normal execution)

VM Mutex/Monitor currently owned by a thread: None

Heap address: 0x00000000c0e00000, size: 1010 MB, Compressed Oops mode: 32-bit
CDS disabled.
Compressed class space mapped at: 0x0000000100000000-0x0000000140000000, size: 1073741824
Narrow klass base: 0x0000000000000000, Narrow klass shift: 3, Narrow klass range: 0x140000000

GC Precious Log:
 CPUs: 4 total, 4 available
 Memory: 4036M
 Large Page Support: Disabled
 NUMA Support: Disabled
 Compressed Oops: Enabled (32-bit)
 Heap Region Size: 1M
 Heap Min Capacity: 8M
 Heap Initial Capacity: 64M
 Heap Max Capacity: 1010M
 Pre-touch: Disabled
 Parallel Workers: 4
 Concurrent Workers: 1
 Concurrent Refinement Workers: 4
 Periodic GC: Disabled

Heap:
 garbage-first heap   total 65536K, used 13312K [0x00000000c0e00000, 0x0000000100000000)
  region size 1024K, 10 young (10240K), 0 survivors (0K)
 Metaspace       used 15447K, capacity 15674K, committed 15872K, reserved 1067008K
  class space    used 1616K, capacity 1699K, committed 1792K, reserved 1048576K

Heap Regions: E=young(eden), S=young(survivor), O=old, HS=humongous(starts), HC=humongous(continues), CS=collection set, F=free, OA=open archive, CA=closed archive, TAMS=top-at-mark-start (previous, next)
|   0|0x00000000c0e00000, 0x00000000c0f00000, 0x00000000c0f00000|100%|HS|  |TAMS 0x00000000c0e00000, 0x00000000c0e00000| Complete 
|   1|0x00000000c0f00000, 0x00000000c1000000, 0x00000000c1000000|100%|HC|  |TAMS 0x00000000c0f00000, 0x00000000c0f00000| Complete 
|   2|0x00000000c1000000, 0x00000000c1100000, 0x00000000c1100000|100%|HC|  |TAMS 0x00000000c1000000, 0x00000000c1000000| Complete 
|   3|0x00000000c1100000, 0x00000000c1200000, 0x00000000c1200000|100%|HC|  |TAMS 0x00000000c1100000, 0x00000000c1100000| Complete 
|   4|0x00000000c1200000, 0x00000000c1200000, 0x00000000c1300000|  0%| F|  |TAMS 0x00000000c1200000, 0x00000000c1200000| Untracked 
|   5|0x00000000c1300000, 0x00000000c1300000, 0x00000000c1400000|  0%| F|  |TAMS 0x00000000c1300000, 0x00000000c1300000| Untracked 
|   6|0x00000000c1400000, 0x00000000c1400000, 0x00000000c1500000|  0%| F|  |TAMS 0x00000000c1400000, 0x00000000c1400000| Untracked 
|   7|0x00000000c1500000, 0x00000000c1500000, 0x00000000c1600000|  0%| F|  |TAMS 0x00000000c1500000, 0x00000000c1500000| Untracked 
|   8|0x00000000c1600000, 0x00000000c1600000, 0x00000000c1700000|  0%| F|  |TAMS 0x00000000c1600000, 0x00000000c1600000| Untracked 
|   9|0x00000000c1700000, 0x00000000c1700000, 0x00000000c1800000|  0%| F|  |TAMS 0x00000000c1700000, 0x00000000c1700000| Untracked 
|  10|0x00000000c1800000, 0x00000000c1800000, 0x00000000c1900000|  0%| F|  |TAMS 0x00000000c1800000, 0x00000000c1800000| Untracked 
|  11|0x00000000c1900000, 0x00000000c1900000, 0x00000000c1a00000|  0%| F|  |TAMS 0x00000000c1900000, 0x00000000c1900000| Untracked 
|  12|0x00000000c1a00000, 0x00000000c1a00000, 0x00000000c1b00000|  0%| F|  |TAMS 0x00000000c1a00000, 0x00000000c1a00000| Untracked 
|  13|0x00000000c1b00000, 0x00000000c1b00000, 0x00000000c1c00000|  0%| F|  |TAMS 0x00000000c1b00000, 0x00000000c1b00000| Untracked 
|  14|0x00000000c1c00000, 0x00000000c1c00000, 0x00000000c1d00000|  0%| F|  |TAMS 0x00000000c1c00000, 0x00000000c1c00000| Untracked 
|  15|0x00000000c1d00000, 0x00000000c1d00000, 0x00000000c1e00000|  0%| F|  |TAMS 0x00000000c1d00000, 0x00000000c1d00000| Untracked 
|  16|0x00000000c1e00000, 0x00000000c1e00000, 0x00000000c1f00000|  0%| F|  |TAMS 0x00000000c1e00000, 0x00000000c1e00000| Untracked 
|  17|0x00000000c1f00000, 0x00000000c1f00000, 0x00000000c2000000|  0%| F|  |TAMS 0x00000000c1f00000, 0x00000000c1f00000| Untracked 
|  18|0x00000000c2000000, 0x00000000c2000000, 0x00000000c2100000|  0%| F|  |TAMS 0x00000000c2000000, 0x00000000c2000000| Untracked 
|  19|0x00000000c2100000, 0x00000000c2100000, 0x00000000c2200000|  0%| F|  |TAMS 0x00000000c2100000, 0x00000000c2100000| Untracked 
|  20|0x00000000c2200000, 0x00000000c2200000, 0x00000000c2300000|  0%| F|  |TAMS 0x00000000c2200000, 0x00000000c2200000| Untracked 
|  21|0x00000000c2300000, 0x00000000c2300000, 0x00000000c2400000|  0%| F|  |TAMS 0x00000000c2300000, 0x00000000c2300000| Untracked 
|  22|0x00000000c2400000, 0x00000000c2400000, 0x00000000c2500000|  0%| F|  |TAMS 0x00000000c2400000, 0x00000000c2400000| Untracked 
|  23|0x00000000c2500000, 0x00000000c2500000, 0x00000000c2600000|  0%| F|  |TAMS 0x00000000c2500000, 0x00000000c2500000| Untracked 
|  24|0x00000000c2600000, 0x00000000c2600000, 0x00000000c2700000|  0%| F|  |TAMS 0x00000000c2600000, 0x00000000c2600000| Untracked 
|  25|0x00000000c2700000, 0x00000000c2700000, 0x00000000c2800000|  0%| F|  |TAMS 0x00000000c2700000, 0x00000000c2700000| Untracked 
|  26|0x00000000c2800000, 0x00000000c2800000, 0x00000000c2900000|  0%| F|  |TAMS 0x00000000c2800000, 0x00000000c2800000| Untracked 
|  27|0x00000000c2900000, 0x00000000c2900000, 0x00000000c2a00000|  0%| F|  |TAMS 0x00000000c2900000, 0x00000000c2900000| Untracked 
|  28|0x00000000c2a00000, 0x00000000c2a00000, 0x00000000c2b00000|  0%| F|  |TAMS 0x00000000c2a00000, 0x00000000c2a00000| Untracked 
|  29|0x00000000c2b00000, 0x00000000c2b00000, 0x00000000c2c00000|  0%| F|  |TAMS 0x00000000c2b00000, 0x00000000c2b00000| Untracked 
|  30|0x00000000c2c00000, 0x00000000c2c00000, 0x00000000c2d00000|  0%| F|  |TAMS 0x00000000c2c00000, 0x00000000c2c00000| Untracked 
|  31|0x00000000c2d00000, 0x00000000c2d00000, 0x00000000c2e00000|  0%| F|  |TAMS 0x00000000c2d00000, 0x00000000c2d00000| Untracked 
|  32|0x00000000c2e00000, 0x00000000c2e00000, 0x00000000c2f00000|  0%| F|  |TAMS 0x00000000c2e00000, 0x00000000c2e00000| Untracked 
|  33|0x00000000c2f00000, 0x00000000c2f00000, 0x00000000c3000000|  0%| F|  |TAMS 0x00000000c2f00000, 0x00000000c2f00000| Untracked 
|  34|0x00000000c3000000, 0x00000000c3000000, 0x00000000c3100000|  0%| F|  |TAMS 0x00000000c3000000, 0x00000000c3000000| Untracked 
|  35|0x00000000c3100000, 0x00000000c3100000, 0x00000000c3200000|  0%| F|  |TAMS 0x00000000c3100000, 0x00000000c3100000| Untracked 
|  36|0x00000000c3200000, 0x00000000c3200000, 0x00000000c3300000|  0%| F|  |TAMS 0x00000000c3200000, 0x00000000c3200000| Untracked 
|  37|0x00000000c3300000, 0x00000000c3300000, 0x00000000c3400000|  0%| F|  |TAMS 0x00000000c3300000, 0x00000000c3300000| Untracked 
|  38|0x00000000c3400000, 0x00000000c3400000, 0x00000000c3500000|  0%| F|  |TAMS 0x00000000c3400000, 0x00000000c3400000| Untracked 
|  39|0x00000000c3500000, 0x00000000c3500000, 0x00000000c3600000|  0%| F|  |TAMS 0x00000000c3500000, 0x00000000c3500000| Untracked 
|  40|0x00000000c3600000, 0x00000000c3600000, 0x00000000c3700000|  0%| F|  |TAMS 0x00000000c3600000, 0x00000000c3600000| Untracked 
|  41|0x00000000c3700000, 0x00000000c3700000, 0x00000000c3800000|  0%| F|  |TAMS 0x00000000c3700000, 0x00000000c3700000| Untracked 
|  42|0x00000000c3800000, 0x00000000c3800000, 0x00000000c3900000|  0%| F|  |TAMS 0x00000000c3800000, 0x00000000c3800000| Untracked 
|  43|0x00000000c3900000, 0x00000000c3900000, 0x00000000c3a00000|  0%| F|  |TAMS 0x00000000c3900000, 0x00000000c3900000| Untracked 
|  44|0x00000000c3a00000, 0x00000000c3a00000, 0x00000000c3b00000|  0%| F|  |TAMS 0x00000000c3a00000, 0x00000000c3a00000| Untracked 
|  45|0x00000000c3b00000, 0x00000000c3b00000, 0x00000000c3c00000|  0%| F|  |TAMS 0x00000000c3b00000, 0x00000000c3b00000| Untracked 
|  46|0x00000000c3c00000, 0x00000000c3c00000, 0x00000000c3d00000|  0%| F|  |TAMS 0x00000000c3c00000, 0x00000000c3c00000| Untracked 
|  47|0x00000000c3d00000, 0x00000000c3d00000, 0x00000000c3e00000|  0%| F|  |TAMS 0x00000000c3d00000, 0x00000000c3d00000| Untracked 
|  48|0x00000000c3e00000, 0x00000000c3e00000, 0x00000000c3f00000|  0%| F|  |TAMS 0x00000000c3e00000, 0x00000000c3e00000| Untracked 
|  49|0x00000000c3f00000, 0x00000000c3f00000, 0x00000000c4000000|  0%| F|  |TAMS 0x00000000c3f00000, 0x00000000c3f00000| Untracked 
|  50|0x00000000c4000000, 0x00000000c4000000, 0x00000000c4100000|  0%| F|  |TAMS 0x00000000c4000000, 0x00000000c4000000| Untracked 
|  51|0x00000000c4100000, 0x00000000c4100000, 0x00000000c4200000|  0%| F|  |TAMS 0x00000000c4100000, 0x00000000c4100000| Untracked 
|  52|0x00000000c4200000, 0x00000000c4200000, 0x00000000c4300000|  0%| F|  |TAMS 0x00000000c4200000, 0x00000000c4200000| Untracked 
|  53|0x00000000c4300000, 0x00000000c4300000, 0x00000000c4400000|  0%| F|  |TAMS 0x00000000c4300000, 0x00000000c4300000| Untracked 
|  54|0x00000000c4400000, 0x00000000c44c24a8, 0x00000000c4500000| 75%| E|  |TAMS 0x00000000c4400000, 0x00000000c4400000| Complete 
|  55|0x00000000c4500000, 0x00000000c4600000, 0x00000000c4600000|100%| E|CS|TAMS 0x00000000c4500000, 0x00000000c4500000| Complete 
|  56|0x00000000c4600000, 0x00000000c4700000, 0x00000000c4700000|100%| E|CS|TAMS 0x00000000c4600000, 0x00000000c4600000| Complete 
|  57|0x00000000c4700000, 0x00000000c4800000, 0x00000000c4800000|100%| E|CS|TAMS 0x00000000c4700000, 0x00000000c4700000| Complete 
|  58|0x00000000c4800000, 0x00000000c4900000, 0x00000000c4900000|100%| E|CS|TAMS 0x00000000c4800000, 0x00000000c4800000| Complete 
|  59|0x00000000c4900000, 0x00000000c4a00000, 0x00000000c4a00000|100%| E|CS|TAMS 0x00000000c4900000, 0x00000000c4900000| Complete 
|  60|0x00000000c4a00000, 0x00000000c4b00000, 0x00000000c4b00000|100%| E|CS|TAMS 0x00000000c4a00000, 0x00000000c4a00000| Complete 
|  61|0x00000000c4b00000, 0x00000000c4c00000, 0x00000000c4c00000|100%| E|CS|TAMS 0x00000000c4b00000, 0x00000000c4b00000| Complete 
|  62|0x00000000c4c00000, 0x00000000c4d00000, 0x00000000c4d00000|100%| E|CS|TAMS 0x00000000c4c00000, 0x00000000c4c00000| Complete 
|  63|0x00000000c4d00000, 0x00000000c4e00000, 0x00000000c4e00000|100%| E|CS|TAMS 0x00000000c4d00000, 0x00000000c4d00000| Complete 

Card table byte_map: [0x0000024627340000,0x0000024627540000] _byte_map_base: 0x0000024626d39000

Marking Bits (Prev, Next): (CMBitMap*) 0x0000024614745580, (CMBitMap*) 0x00000246147455c0
 Prev Bits: [0x0000024627740000, 0x0000024628708000)
 Next Bits: [0x0000024628710000, 0x00000246296d8000)

Polling page: 0x00000246127c0000

Metaspace:

Usage:
  Non-class:     13.65 MB capacity,    13.51 MB ( 99%) used,   126.21 KB ( <1%) free+waste,    17.88 KB ( <1%) overhead. 
      Class:      1.66 MB capacity,     1.58 MB ( 95%) used,    76.32 KB (  4%) free+waste,     6.38 KB ( <1%) overhead. 
       Both:     15.31 MB capacity,    15.09 MB ( 99%) used,   202.53 KB (  1%) free+waste,    24.25 KB ( <1%) overhead. 

Virtual space:
  Non-class space:       18.00 MB reserved,      13.75 MB ( 76%) committed 
      Class space:        1.00 GB reserved,       1.75 MB ( <1%) committed 
             Both:        1.02 GB reserved,      15.50 MB (  1%) committed 

Chunk freelists:
   Non-Class:  41.00 KB
       Class:  29.00 KB
        Both:  70.00 KB

MaxMetaspaceSize: 17179869184.00 GB
CompressedClassSpaceSize: 1.00 GB

CodeHeap 'non-profiled nmethods': size=120000Kb used=199Kb max_used=199Kb free=119800Kb
 bounds [0x000002461fc10000, 0x000002461fe80000, 0x0000024627140000]
CodeHeap 'profiled nmethods': size=120000Kb used=1110Kb max_used=1110Kb free=118889Kb
 bounds [0x00000246186e0000, 0x0000024618950000, 0x000002461fc10000]
CodeHeap 'non-nmethods': size=5760Kb used=1278Kb max_used=1292Kb free=4482Kb
 bounds [0x0000024618140000, 0x00000246183b0000, 0x00000246186e0000]
 total_blobs=1336 nmethods=770 adapters=479
 compilation: enabled
              stopped_count=0, restarted_count=0
 full_count=0

Compilation events (20 events):
Event: 2.429 Thread 0x000002462bc0a030  755       4       java.util.HashMap::afterNodeInsertion (1 bytes)
Event: 2.429 Thread 0x000002462c5554c0 nmethod 754 0x00000246187e9e90 code [0x00000246187ea040, 0x00000246187ea3f8]
Event: 2.429 Thread 0x000002462bc0a030 nmethod 755 0x000002461fc40e10 code [0x000002461fc40f80, 0x000002461fc40fd8]
Event: 2.429 Thread 0x000002462c5554c0  756       1       java.awt.Component::isEnabledImpl (5 bytes)
Event: 2.429 Thread 0x000002462c5554c0 nmethod 756 0x000002461fc41110 code [0x000002461fc412a0, 0x000002461fc41358]
Event: 2.433 Thread 0x000002462bc0a030  757       4       java.util.HashMap::getNode (150 bytes)
Event: 2.433 Thread 0x000002462c5554c0  758       3       java.beans.PropertyChangeSupport::firePropertyChange (35 bytes)
Event: 2.434 Thread 0x000002462c5554c0 nmethod 758 0x00000246187ea510 code [0x00000246187ea720, 0x00000246187eae88]
Event: 2.434 Thread 0x000002462c5554c0  760       3       javax.swing.RepaintManager::currentManager (37 bytes)
Event: 2.434 Thread 0x000002462c5554c0 nmethod 760 0x00000246187eb090 code [0x00000246187eb260, 0x00000246187eb588]
Event: 2.434 Thread 0x000002462c5554c0  759       3       java.util.ArrayList::<init> (12 bytes)
Event: 2.434 Thread 0x000002462c5554c0 nmethod 759 0x00000246187eb710 code [0x00000246187eb8c0, 0x00000246187ebb58]
Event: 2.436 Thread 0x000002462c5554c0  761       3       jdk.internal.reflect.ClassFileAssembler::emitByte (11 bytes)
Event: 2.436 Thread 0x000002462c5554c0 nmethod 761 0x00000246187ebc90 code [0x00000246187ebe40, 0x00000246187ebfa8]
Event: 2.436 Thread 0x000002462c5554c0  762       3       jdk.internal.reflect.ByteVectorImpl::add (38 bytes)
Event: 2.436 Thread 0x000002462c5554c0 nmethod 762 0x00000246187ec090 code [0x00000246187ec240, 0x00000246187ec408]
Event: 2.437 Thread 0x000002462bc0a030 nmethod 757 0x000002461fc41410 code [0x000002461fc415c0, 0x000002461fc418d8]
Event: 2.437 Thread 0x000002462c5554c0  763       3       java.awt.RenderingHints$Key::hashCode (5 bytes)
Event: 2.437 Thread 0x000002462c5554c0 nmethod 763 0x00000246187ec510 code [0x00000246187ec6c0, 0x00000246187ec7e8]
Event: 2.437 Thread 0x000002462c5554c0  764       3       javax.swing.UIDefaults$TextAndMnemonicHashMap::get (358 bytes)

GC Heap History (0 events):
No events

Deoptimization events (4 events):
Event: 0.138 Thread 0x000002461471b480 Uncommon trap: trap_request=0xffffff45 fr.pc=0x000002461fc143ac relative=0x000000000000020c
Event: 0.138 Thread 0x000002461471b480 Uncommon trap: reason=unstable_if action=reinterpret pc=0x000002461fc143ac method=java.lang.String.hashCode()I @ 42 c2
Event: 0.138 Thread 0x000002461471b480 DEOPT PACKING pc=0x000002461fc143ac sp=0x000000e8dd3fd900
Event: 0.138 Thread 0x000002461471b480 DEOPT UNPACKING pc=0x000002461818e42f sp=0x000000e8dd3fd898 mode 2

Classes unloaded (0 events):
No events

Classes redefined (0 events):
No events

Internal exceptions (13 events):
Event: 0.178 Thread 0x000002461471b480 Exception <a 'java/lang/ClassNotFoundException'{0x00000000c4df2278}: sun/awt/resources/spi/awtProvider> (0x00000000c4df2278) 
thrown [./open/src/hotspot/share/classfile/systemDictionary.cpp, line 295]
Event: 0.285 Thread 0x000002461471b480 Exception <a 'java/io/FileNotFoundException'{0x00000000c4c543d8}> (0x00000000c4c543d8) 
thrown [./open/src/hotspot/share/prims/jni.cpp, line 578]
Event: 0.294 Thread 0x000002461471b480 Exception <a 'java/io/FileNotFoundException'{0x00000000c4c82c60}> (0x00000000c4c82c60) 
thrown [./open/src/hotspot/share/prims/jni.cpp, line 578]
Event: 0.298 Thread 0x000002461471b480 Exception <a 'java/lang/NoSuchMethodError'{0x00000000c4c840b8}: 'java.lang.Object java.lang.invoke.DirectMethodHandle$Holder.invokeStatic(java.lang.Object)'> (0x00000000c4c840b8) 
thrown [./open/src/hotspot/share/interpreter/linkResolver.cpp, line 782]
Event: 0.313 Thread 0x000002461471b480 Exception <a 'java/lang/NoSuchMethodError'{0x00000000c4c923f0}: 'void java.lang.invoke.DirectMethodHandle$Holder.invokeSpecial(java.lang.Object, java.lang.Object, java.lang.Object)'> (0x00000000c4c923f0) 
thrown [./open/src/hotspot/share/interpreter/linkResolver.cpp, line 782]
Event: 0.672 Thread 0x000002461471b480 Exception <a 'java/lang/NoSuchMethodError'{0x00000000c4cda018}: 'java.lang.Object java.lang.invoke.DirectMethodHandle$Holder.invokeStaticInit(java.lang.Object)'> (0x00000000c4cda018) 
thrown [./open/src/hotspot/share/interpreter/linkResolver.cpp, line 782]
Event: 0.760 Thread 0x000002462ca312a0 Exception <a 'java/lang/NoSuchMethodError'{0x00000000c4a0b9d0}: 'java.lang.Object java.lang.invoke.DirectMethodHandle$Holder.newInvokeSpecial(java.lang.Object, java.lang.Object, java.lang.Object, java.lang.Object, java.lang.Object)'> (0x00000000c4a0b9d0) 
thrown [./open/src/hotspot/share/interpreter/linkResolver.cpp, line 782]
Event: 0.762 Thread 0x000002462ca312a0 Exception <a 'java/lang/NoSuchMethodError'{0x00000000c4a17460}: 'java.lang.Object java.lang.invoke.DirectMethodHandle$Holder.invokeStatic(java.lang.Object, int, java.lang.Object, java.lang.Object, java.lang.Object, java.lang.Object)'> (0x00000000c4a17460) 
thrown [./open/src/hotspot/share/interpreter/linkResolver.cpp, line 782]
Event: 0.767 Thread 0x000002462ca312a0 Exception <a 'java/lang/NoSuchMethodError'{0x00000000c4a3d708}: 'java.lang.Object java.lang.invoke.DirectMethodHandle$Holder.invokeStatic(java.lang.Object, int, java.lang.Object)'> (0x00000000c4a3d708) 
thrown [./open/src/hotspot/share/interpreter/linkResolver.cpp, line 782]
Event: 0.793 Thread 0x000002462ca312a0 Exception <a 'java/lang/ClassNotFoundException'{0x00000000c4af6238}: com/sun/swing/internal/plaf/metal/resources/spi/metalProvider> (0x00000000c4af6238) 
thrown [./open/src/hotspot/share/classfile/systemDictionary.cpp, line 295]
Event: 0.794 Thread 0x000002462ca312a0 Exception <a 'java/lang/ClassNotFoundException'{0x00000000c4afa598}: com/sun/swing/internal/plaf/basic/resources/spi/basicProvider> (0x00000000c4afa598) 
thrown [./open/src/hotspot/share/classfile/systemDictionary.cpp, line 295]
Event: 0.846 Thread 0x000002462ca312a0 Exception <a 'java/lang/NoSuchMethodError'{0x00000000c493b958}: 'void java.lang.invoke.DirectMethodHandle$Holder.invokeStaticInit(java.lang.Object)'> (0x00000000c493b958) 
thrown [./open/src/hotspot/share/interpreter/linkResolver.cpp, line 782]
Event: 0.962 Thread 0x000002462caee3a0 Exception <a 'java/lang/NoSuchMethodError'{0x00000000c49d46f8}: 'java.lang.Object java.lang.invoke.DirectMethodHandle$Holder.newInvokeSpecial(java.lang.Object, java.lang.Object, java.lang.Object, int, int, int, int, int)'> (0x00000000c49d46f8) 
thrown [./open/src/hotspot/share/interpreter/linkResolver.cpp, line 782]

Events (20 events):
Event: 2.435 loading class jdk/internal/reflect/ByteVectorFactory
Event: 2.435 loading class jdk/internal/reflect/ByteVectorFactory done
Event: 2.435 loading class jdk/internal/reflect/ByteVectorImpl
Event: 2.435 loading class jdk/internal/reflect/ByteVector
Event: 2.435 loading class jdk/internal/reflect/ByteVector done
Event: 2.435 loading class jdk/internal/reflect/ByteVectorImpl done
Event: 2.435 loading class jdk/internal/reflect/ClassFileAssembler
Event: 2.435 loading class jdk/internal/reflect/ClassFileAssembler done
Event: 2.435 loading class jdk/internal/reflect/UTF8
Event: 2.435 loading class jdk/internal/reflect/UTF8 done
Event: 2.436 loading class jdk/internal/reflect/Label
Event: 2.436 loading class jdk/internal/reflect/Label done
Event: 2.436 loading class jdk/internal/reflect/Label$PatchInfo
Event: 2.436 loading class jdk/internal/reflect/Label$PatchInfo done
Event: 2.436 loading class jdk/internal/reflect/MethodAccessorGenerator$1
Event: 2.436 loading class jdk/internal/reflect/MethodAccessorGenerator$1 done
Event: 2.436 loading class jdk/internal/reflect/ClassDefiner
Event: 2.436 loading class jdk/internal/reflect/ClassDefiner done
Event: 2.436 loading class jdk/internal/reflect/ClassDefiner$1
Event: 2.436 loading class jdk/internal/reflect/ClassDefiner$1 done


Dynamic libraries:
0x00007ff707110000 - 0x00007ff70711d000 	C:\Users\Android\.p2\pool\plugins\org.eclipse.justj.openjdk.hotspot.jre.full.win32.x86_64_15.0.2.v20210201-0955\jre\bin\javaw.exe
0x00007ff8d18f0000 - 0x00007ff8d1ab1000 	C:\Windows\SYSTEM32\ntdll.dll
0x00007ff8cee90000 - 0x00007ff8cef3d000 	C:\Windows\system32\KERNEL32.DLL
0x00007ff8ce7a0000 - 0x00007ff8ce988000 	C:\Windows\system32\KERNELBASE.dll
0x00007ff8c2f30000 - 0x00007ff8c2f49000 	C:\Users\Android\.p2\pool\plugins\org.eclipse.justj.openjdk.hotspot.jre.full.win32.x86_64_15.0.2.v20210201-0955\jre\bin\VCRUNTIME140.dll
0x00007ff8c3000000 - 0x00007ff8c3018000 	C:\Users\Android\.p2\pool\plugins\org.eclipse.justj.openjdk.hotspot.jre.full.win32.x86_64_15.0.2.v20210201-0955\jre\bin\jli.dll
0x00007ff8cd0b0000 - 0x00007ff8cd1a4000 	C:\Windows\SYSTEM32\ucrtbase.dll
0x00007ff8d00b0000 - 0x00007ff8d0206000 	C:\Windows\system32\USER32.dll
0x00007ff8cecf0000 - 0x00007ff8cee76000 	C:\Windows\system32\GDI32.dll
0x00007ff8bef60000 - 0x00007ff8bf1d4000 	C:\Windows\WinSxS\amd64_microsoft.windows.common-controls_6595b64144ccf1df_6.0.10586.0_none_8c15ae12515e1c22\COMCTL32.dll
0x00007ff8cfb10000 - 0x00007ff8cfbad000 	C:\Windows\system32\msvcrt.dll
0x00007ff8cefa0000 - 0x00007ff8cf21d000 	C:\Windows\system32\combase.dll
0x00007ff8cf560000 - 0x00007ff8cf67c000 	C:\Windows\system32\RPCRT4.dll
0x00007ff8ce6a0000 - 0x00007ff8ce70a000 	C:\Windows\system32\bcryptPrimitives.dll
0x00007ff8cf9a0000 - 0x00007ff8cf9db000 	C:\Windows\system32\IMM32.DLL
0x00007ff8c90e0000 - 0x00007ff8c90ec000 	C:\Users\Android\.p2\pool\plugins\org.eclipse.justj.openjdk.hotspot.jre.full.win32.x86_64_15.0.2.v20210201-0955\jre\bin\vcruntime140_1.dll
0x00007ff8b2e30000 - 0x00007ff8b2ec1000 	C:\Users\Android\.p2\pool\plugins\org.eclipse.justj.openjdk.hotspot.jre.full.win32.x86_64_15.0.2.v20210201-0955\jre\bin\msvcp140.dll
0x00007ff8b09f0000 - 0x00007ff8b154e000 	C:\Users\Android\.p2\pool\plugins\org.eclipse.justj.openjdk.hotspot.jre.full.win32.x86_64_15.0.2.v20210201-0955\jre\bin\server\jvm.dll
0x00007ff8d0210000 - 0x00007ff8d02b7000 	C:\Windows\system32\ADVAPI32.dll
0x00007ff8cffe0000 - 0x00007ff8d003b000 	C:\Windows\system32\sechost.dll
0x00007ff8cf3d0000 - 0x00007ff8cf3d8000 	C:\Windows\system32\PSAPI.DLL
0x00007ff8cc340000 - 0x00007ff8cc349000 	C:\Windows\SYSTEM32\WSOCK32.dll
0x00007ff8bf220000 - 0x00007ff8bf243000 	C:\Windows\SYSTEM32\WINMM.dll
0x00007ff8bd9e0000 - 0x00007ff8bd9ea000 	C:\Windows\SYSTEM32\VERSION.dll
0x00007ff8cf680000 - 0x00007ff8cf6eb000 	C:\Windows\system32\WS2_32.dll
0x0000024612790000 - 0x00000246127bc000 	C:\Windows\SYSTEM32\WINMMBASE.dll
0x00007ff8ce990000 - 0x00007ff8ce9d3000 	C:\Windows\system32\cfgmgr32.dll
0x00007ff8cdf60000 - 0x00007ff8cdf6f000 	C:\Windows\system32\kernel.appcore.dll
0x00007ff8c7ea0000 - 0x00007ff8c7eaa000 	C:\Users\Android\.p2\pool\plugins\org.eclipse.justj.openjdk.hotspot.jre.full.win32.x86_64_15.0.2.v20210201-0955\jre\bin\jimage.dll
0x00007ff8bde60000 - 0x00007ff8bdfec000 	C:\Windows\SYSTEM32\DBGHELP.DLL
0x00007ff8bf370000 - 0x00007ff8bf395000 	C:\Windows\SYSTEM32\dbgcore.DLL
0x00007ff8c7e70000 - 0x00007ff8c7e95000 	C:\Users\Android\.p2\pool\plugins\org.eclipse.justj.openjdk.hotspot.jre.full.win32.x86_64_15.0.2.v20210201-0955\jre\bin\java.dll
0x00007ff8c7e50000 - 0x00007ff8c7e68000 	C:\Users\Android\.p2\pool\plugins\org.eclipse.justj.openjdk.hotspot.jre.full.win32.x86_64_15.0.2.v20210201-0955\jre\bin\zip.dll
0x00007ff8d02c0000 - 0x00007ff8d181f000 	C:\Windows\system32\SHELL32.dll
0x00007ff8cdfa0000 - 0x00007ff8ce5e4000 	C:\Windows\system32\windows.storage.dll
0x00007ff8cef40000 - 0x00007ff8cef92000 	C:\Windows\system32\shlwapi.dll
0x00007ff8ce9e0000 - 0x00007ff8cea95000 	C:\Windows\system32\shcore.dll
0x00007ff8cdf10000 - 0x00007ff8cdf5b000 	C:\Windows\system32\powrprof.dll
0x00007ff8cdf80000 - 0x00007ff8cdf94000 	C:\Windows\system32\profapi.dll
0x00007ff8aa400000 - 0x00007ff8aa57f000 	C:\Users\Android\.p2\pool\plugins\org.eclipse.justj.openjdk.hotspot.jre.full.win32.x86_64_15.0.2.v20210201-0955\jre\bin\awt.dll
0x00007ff8d1820000 - 0x00007ff8d18e1000 	C:\Windows\system32\OLEAUT32.dll
0x00007ff8cc980000 - 0x00007ff8cc9f9000 	C:\Windows\system32\apphelp.dll
0x00007ff8c7e30000 - 0x00007ff8c7e49000 	C:\Users\Android\.p2\pool\plugins\org.eclipse.justj.openjdk.hotspot.jre.full.win32.x86_64_15.0.2.v20210201-0955\jre\bin\net.dll
0x00007ff8c86a0000 - 0x00007ff8c8768000 	C:\Windows\SYSTEM32\WINHTTP.dll
0x00007ff8cd840000 - 0x00007ff8cd89c000 	C:\Windows\system32\mswsock.dll
0x00007ff8c7e10000 - 0x00007ff8c7e22000 	C:\Users\Android\.p2\pool\plugins\org.eclipse.justj.openjdk.hotspot.jre.full.win32.x86_64_15.0.2.v20210201-0955\jre\bin\nio.dll
0x00007ff8ccad0000 - 0x00007ff8ccb66000 	C:\Windows\system32\uxtheme.dll
0x00007ff8cf840000 - 0x00007ff8cf99a000 	C:\Windows\system32\MSCTF.dll
0x00007ff8cc0d0000 - 0x00007ff8cc0f2000 	C:\Windows\system32\dwmapi.dll
0x00007ff8cf6f0000 - 0x00007ff8cf833000 	C:\Windows\system32\ole32.dll
0x00007ff8ba090000 - 0x00007ff8ba1b9000 	C:\Windows\system32\opengl32.dll
0x00007ff8b9c30000 - 0x00007ff8b9d2a000 	C:\Windows\SYSTEM32\DDRAW.dll
0x00007ff8b9d30000 - 0x00007ff8b9d5e000 	C:\Windows\SYSTEM32\GLU32.dll
0x00007ff8ba3d0000 - 0x00007ff8ba3d8000 	C:\Windows\SYSTEM32\DCIMAN32.dll
0x00007ff8b2f00000 - 0x00007ff8b2f85000 	C:\Users\Android\.p2\pool\plugins\org.eclipse.justj.openjdk.hotspot.jre.full.win32.x86_64_15.0.2.v20210201-0955\jre\bin\freetype.dll
0x00007ff8ab4e0000 - 0x00007ff8ab589000 	C:\Users\Android\.p2\pool\plugins\org.eclipse.justj.openjdk.hotspot.jre.full.win32.x86_64_15.0.2.v20210201-0955\jre\bin\fontmanager.dll
0x00007ff8bc100000 - 0x00007ff8bc12d000 	C:\Users\Android\.p2\pool\plugins\org.eclipse.justj.openjdk.hotspot.jre.full.win32.x86_64_15.0.2.v20210201-0955\jre\bin\javajpeg.dll
0x00007ff8cfa60000 - 0x00007ff8cfb07000 	C:\Windows\system32\clbcatq.dll
0x00007ff8cb4f0000 - 0x00007ff8cb6a1000 	C:\Windows\SYSTEM32\WindowsCodecs.dll
0x00007ff8b9fb0000 - 0x00007ff8b9ffa000 	C:\Windows\system32\dataexchange.dll
0x00007ff8cc6f0000 - 0x00007ff8cc7d3000 	C:\Windows\system32\dcomp.dll
0x00007ff8cbdb0000 - 0x00007ff8cc058000 	C:\Windows\system32\d3d11.dll
0x00007ff8cb860000 - 0x00007ff8cb902000 	C:\Windows\system32\dxgi.dll
0x00007ff8cb310000 - 0x00007ff8cb410000 	C:\Windows\system32\twinapi.appcore.dll
0x00007ff8cde40000 - 0x00007ff8cde69000 	C:\Windows\system32\bcrypt.dll

dbghelp: loaded successfully - version: 4.0.5 - missing functions: none
symbol engine: initialized successfully - sym options: 0x614 - pdb path: .;C:\Users\Android\.p2\pool\plugins\org.eclipse.justj.openjdk.hotspot.jre.full.win32.x86_64_15.0.2.v20210201-0955\jre\bin;C:\Windows\SYSTEM32;C:\Windows\WinSxS\amd64_microsoft.windows.common-controls_6595b64144ccf1df_6.0.10586.0_none_8c15ae12515e1c22;C:\Users\Android\.p2\pool\plugins\org.eclipse.justj.openjdk.hotspot.jre.full.win32.x86_64_15.0.2.v20210201-0955\jre\bin\server

VM Arguments:
jvm_args: -Dfile.encoding=Cp1252 -XX:+ShowCodeDetailsInExceptionMessages 
java_command: Prolog.AI_Driver
java_class_path (initial): C:\Users\Android\Documents\GitHub\Artificial-Intelligence\AI_Project\bin;C:\Users\Android\Documents\GitHub\Artificial-Intelligence\AI_Project\Images;C:\Users\Android\Documents\GitHub\Artificial-Intelligence\AI_Project\lib\jpl.jar
Launcher Type: SUN_STANDARD

[Global flags]
     intx CICompilerCount                          = 3                                         {product} {ergonomic}
     uint ConcGCThreads                            = 1                                         {product} {ergonomic}
     uint G1ConcRefinementThreads                  = 4                                         {product} {ergonomic}
   size_t G1HeapRegionSize                         = 1048576                                   {product} {ergonomic}
    uintx GCDrainStackTargetSize                   = 64                                        {product} {ergonomic}
   size_t InitialHeapSize                          = 67108864                                  {product} {ergonomic}
   size_t MarkStackSize                            = 4194304                                   {product} {ergonomic}
   size_t MaxHeapSize                              = 1059061760                                {product} {ergonomic}
   size_t MaxNewSize                               = 635437056                                 {product} {ergonomic}
   size_t MinHeapDeltaBytes                        = 1048576                                   {product} {ergonomic}
   size_t MinHeapSize                              = 8388608                                   {product} {ergonomic}
    uintx NonNMethodCodeHeapSize                   = 5832780                                {pd product} {ergonomic}
    uintx NonProfiledCodeHeapSize                  = 122912730                              {pd product} {ergonomic}
    uintx ProfiledCodeHeapSize                     = 122912730                              {pd product} {ergonomic}
    uintx ReservedCodeCacheSize                    = 251658240                              {pd product} {ergonomic}
     bool SegmentedCodeCache                       = true                                      {product} {ergonomic}
     bool ShowCodeDetailsInExceptionMessages       = true                                   {manageable} {command line}
   size_t SoftMaxHeapSize                          = 1059061760                             {manageable} {ergonomic}
     bool UseCompressedClassPointers               = true                                 {lp64_product} {ergonomic}
     bool UseCompressedOops                        = true                                 {lp64_product} {ergonomic}
     bool UseG1GC                                  = true                                      {product} {ergonomic}
     bool UseLargePagesIndividualAllocation        = false                                  {pd product} {ergonomic}

Logging:
Log output configuration:
 #0: stdout all=warning uptime,level,tags
 #1: stderr all=off uptime,level,tags

Environment Variables:
PATH=C:\Program Files\swipl\bin;C:/Users/Android/.p2/pool/plugins/org.eclipse.justj.openjdk.hotspot.jre.full.win32.x86_64_15.0.2.v20210201-0955/jre/bin/server;C:/Users/Android/.p2/pool/plugins/org.eclipse.justj.openjdk.hotspot.jre.full.win32.x86_64_15.0.2.v20210201-0955/jre/bin;C:\Program Files (x86)\Common Files\Oracle\Java\javapath;C:\Windows\system32;C:\Windows;C:\Windows\System32\Wbem;C:\Windows\System32\WindowsPowerShell\v1.0\;C:\Windows\SysWOW64;C:\Program Files\swipl\lib\jpl.jar;C:\Program Files\swipl\bin;C:\ProgramData\Oracle\Java\javapath;C:\ProgramData\Oracle\Java;C:\Program Files\swipl\bin;C:\Program Files\swipl\lib\jpl.jar;C:\Users\Android\Desktop;
USERNAME=Android
OS=Windows_NT
PROCESSOR_IDENTIFIER=Intel64 Family 6 Model 69 Stepping 1, GenuineIntel



---------------  S Y S T E M  ---------------

OS:
 Windows 10 , 64 bit Build 10586 (10.0.10586.0)
OS uptime: 0 days 11:06 hours

CPU: total 4 (initial active 4) (2 cores per cpu, 2 threads per core) family 6 model 69 stepping 1 microcode 0x26, cmov, cx8, fxsr, mmx, sse, sse2, sse3, ssse3, sse4.1, sse4.2, popcnt, vzeroupper, avx, avx2, aes, clmul, erms, lzcnt, ht, tsc, tscinvbit, bmi1, bmi2, fma, clflush

Memory: 4k page, system-wide physical 4036M (402M free)
TotalPageFile size 4036M (AvailPageFile size 4M)
current process WorkingSet (physical memory assigned to process): 72M, peak: 72M
current process commit charge ("private bytes"): 145M, peak: 145M

vm_info: OpenJDK 64-Bit Server VM (15.0.2+7-27) for windows-amd64 JRE (15.0.2+7-27), built on Dec  7 2020 20:02:38 by "mach5one" with unknown MS VC++:1925

END.
